<?xml version="1.0" encoding="UTF-8" ?>
<testsuite tests="52" failures="4" name="cucumberOptions.TestRunner" time="1.173" errors="0" skipped="0">
  <properties>
[...]
</properties>
  <testcase classname="Scenario: Login with correct credentials" name="Given User is on Login page" time="0.009"/>
  <testcase classname="Scenario: Login with correct credentials" name="When User login into application with username shivani.arora.3@warwickgrad.net and password Hudl@1234" time="0"/>
  <testcase classname="Scenario: Login with correct credentials" name="Then User is redirected to Home Page" time="0"/>
  <testcase classname="Scenario: Login with correct credentials" name="And User Initial &quot;SA&quot; is populated" time="0.001"/>
  <testcase classname="Scenario: Login with correct credentials" name="Scenario: Login with correct credentials" time="0.211"/>
  <testcase classname="| shivani.arora.3@warwickgrad.net | pass1 |" name="Given User is on Login page" time="0"/>
  <testcase classname="| shivani.arora.3@warwickgrad.net | pass1 |" name="When User login into application with username shivani.arora.3@warwickgrad.net and password pass1" time="0"/>
  <testcase classname="| shivani.arora.3@warwickgrad.net | pass1 |" name="Then Error Message &quot;We didn&apos;t recognize that email and/or password. Need help?&quot; is displayed" time="0"/>
  <testcase classname="| shivani.arora.3@warwickgrad.net | pass1 |" name="And Log In button is disabled" time="0"/>
  <testcase classname="| shivani.arora.3@warwickgrad.net | pass1 |" name="| shivani.arora.3@warwickgrad.net | pass1 |" time="0.133"/>
  <testcase classname="| shivani.arora@gmail.com | Hudl@1234 |" name="Given User is on Login page" time="0"/>
  <testcase classname="| shivani.arora@gmail.com | Hudl@1234 |" name="When User login into application with username shivani.arora@gmail.com and password Hudl@1234" time="0"/>
  <testcase classname="| shivani.arora@gmail.com | Hudl@1234 |" name="Then Error Message &quot;We didn&apos;t recognize that email and/or password. Need help?&quot; is displayed" time="0"/>
  <testcase classname="| shivani.arora@gmail.com | Hudl@1234 |" name="And Log In button is disabled" time="0"/>
  <testcase classname="| shivani.arora@gmail.com | Hudl@1234 |" name="| shivani.arora@gmail.com | Hudl@1234 |" time="0.129"/>
  <testcase classname="| user3 | pass3 |" name="Given User is on Login page" time="0"/>
  <testcase classname="| user3 | pass3 |" name="When User login into application with username user3 and password pass3" time="0"/>
  <testcase classname="| user3 | pass3 |" name="Then Error Message &quot;We didn&apos;t recognize that email and/or password. Need help?&quot; is displayed" time="0"/>
  <testcase classname="| user3 | pass3 |" name="And Log In button is disabled" time="0"/>
  <testcase classname="| user3 | pass3 |" name="| user3 | pass3 |" time="0.143"/>
  <testcase classname="Scenario: Login and remember user credentials" name="Given User is on Login page" time="0"/>
  <testcase classname="Scenario: Login and remember user credentials" name="When User login into application with username shivani.arora.3@warwickgrad.net and password Hudl@1234" time="0"/>
  <testcase classname="Scenario: Login and remember user credentials" name="And checks remember me" time="0"/>
  <testcase classname="Scenario: Login and remember user credentials" name="And User logs Out of the application" time="0"/>
  <testcase classname="Scenario: Login and remember user credentials" name="And User logs in again" time="0"/>
  <testcase classname="Scenario: Login and remember user credentials" name="Then User Email &quot;shivani.arora.3@warwickgrad.net&quot; and Password &quot;Hudl@1234&quot; should be autopopulated" time="0.005">
    <failure message="expected:&lt;[Hudl@1234]&gt; but was:&lt;[]&gt;" type="org.junit.ComparisonFailure">org.junit.ComparisonFailure: expected:&lt;[Hudl@1234]&gt; but was:&lt;[]&gt;
	at org.junit.Assert.assertEquals(Assert.java:115)
	at org.junit.Assert.assertEquals(Assert.java:144)
	at stepDefination.StepDefination.user_email_something_and_password_something_should_be_autopopulated(StepDefination.java:107)
	at ✽.Then User Email &quot;shivani.arora.3@warwickgrad.net&quot; and Password &quot;Hudl@1234&quot; should be autopopulated(Login.feature:30)
</failure>
    <system-out>Email shivani.arora.3@warwickgrad.net
Password 
</system-out>
  </testcase>
  <testcase classname="Scenario: Login and remember user credentials" name="Scenario: Login and remember user credentials" time="0.005">
    <failure message="expected:&lt;[Hudl@1234]&gt; but was:&lt;[]&gt;" type="org.junit.ComparisonFailure">org.junit.ComparisonFailure: expected:&lt;[Hudl@1234]&gt; but was:&lt;[]&gt;
	at org.junit.Assert.assertEquals(Assert.java:115)
	at org.junit.Assert.assertEquals(Assert.java:144)
	at stepDefination.StepDefination.user_email_something_and_password_something_should_be_autopopulated(StepDefination.java:107)
	at ✽.Then User Email &quot;shivani.arora.3@warwickgrad.net&quot; and Password &quot;Hudl@1234&quot; should be autopopulated(Login.feature:30)
</failure>
  </testcase>
  <testcase classname="Scenario: Login and doesnot remember user credentials" name="Given User is on Login page" time="0"/>
  <testcase classname="Scenario: Login and doesnot remember user credentials" name="When User login into application with username shivani.arora.3@warwickgrad.net and password Hudl@1234" time="0"/>
  <testcase classname="Scenario: Login and doesnot remember user credentials" name="And User logs Out of the application" time="0"/>
  <testcase classname="Scenario: Login and doesnot remember user credentials" name="And User logs in again" time="0"/>
  <testcase classname="Scenario: Login and doesnot remember user credentials" name="Then User Email and Password should be blank" time="0">
    <failure message="expected:&lt;[]&gt; but was:&lt;[shivani.arora.3@warwickgrad.net]&gt;" type="org.junit.ComparisonFailure">org.junit.ComparisonFailure: expected:&lt;[]&gt; but was:&lt;[shivani.arora.3@warwickgrad.net]&gt;
	at org.junit.Assert.assertEquals(Assert.java:115)
	at org.junit.Assert.assertEquals(Assert.java:144)
	at stepDefination.StepDefination.user_email_and_password_should_be_blank(StepDefination.java:116)
	at ✽.Then User Email and Password should be blank(Login.feature:38)
</failure>
    <system-out>Email 
Password 
</system-out>
  </testcase>
  <testcase classname="Scenario: Login and doesnot remember user credentials" name="Scenario: Login and doesnot remember user credentials" time="0">
    <failure message="expected:&lt;[]&gt; but was:&lt;[shivani.arora.3@warwickgrad.net]&gt;" type="org.junit.ComparisonFailure">org.junit.ComparisonFailure: expected:&lt;[]&gt; but was:&lt;[shivani.arora.3@warwickgrad.net]&gt;
	at org.junit.Assert.assertEquals(Assert.java:115)
	at org.junit.Assert.assertEquals(Assert.java:144)
	at stepDefination.StepDefination.user_email_and_password_should_be_blank(StepDefination.java:116)
	at ✽.Then User Email and Password should be blank(Login.feature:38)
</failure>
  </testcase>
  <testcase classname="Scenario: Remember Me should be deselected by default" name="Given User is on Login page" time="0"/>
  <testcase classname="Scenario: Remember Me should be deselected by default" name="Then Remember Me should be deselected" time="0"/>
  <testcase classname="Scenario: Remember Me should be deselected by default" name="Scenario: Remember Me should be deselected by default" time="0.102"/>
  <testcase classname="Scenario: User email should be populated on Need Help text box" name="Given User is on Login page" time="0"/>
  <testcase classname="Scenario: User email should be populated on Need Help text box" name="When User enters username &quot;shivani.arora.3@warwickgrad.net&quot; and clicks Need Help" time="0"/>
  <testcase classname="Scenario: User email should be populated on Need Help text box" name="Then User is redirected to Reset password page" time="0"/>
  <testcase classname="Scenario: User email should be populated on Need Help text box" name="And User email &quot;shivani.arora.3@warwickgrad.net&quot; is pre poulated" time="0"/>
  <testcase classname="Scenario: User email should be populated on Need Help text box" name="Scenario: User email should be populated on Need Help text box" time="0.174"/>
  <testcase classname="Scenario: User resets password" name="Given User is on Login page" time="0"/>
  <testcase classname="Scenario: User resets password" name="When User enters username &quot;shivani.arora.3@warwickgrad.net&quot; and clicks Need Help" time="0"/>
  <testcase classname="Scenario: User resets password" name="And User Clicks Reset Password" time="0"/>
  <testcase classname="Scenario: User resets password" name="Then Reset Password Confirmation is displayed" time="0"/>
  <testcase classname="Scenario: User resets password" name="Scenario: User resets password" time="0.125"/>
  <testcase classname="Scenario: Login Button is enables when user starts entering password" name="Given User is on Login page" time="0"/>
  <testcase classname="Scenario: Login Button is enables when user starts entering password" name="When User login into application with username shivani.arora.3@warwickgrad.net and password Hudl@1234" time="0"/>
  <testcase classname="Scenario: Login Button is enables when user starts entering password" name="And Log In button is disabled" time="0"/>
  <testcase classname="Scenario: Login Button is enables when user starts entering password" name="And User enters password &quot;Hudl@1234&quot;" time="0"/>
  <testcase classname="Scenario: Login Button is enables when user starts entering password" name="Then Login button is Enabled" time="0"/>
  <testcase classname="Scenario: Login Button is enables when user starts entering password" name="Scenario: Login Button is enables when user starts entering password" time="0.136"/>
</testsuite>