<?xml version="1.0" encoding="UTF-8" ?>
<testsuite tests="52" failures="4" name="cucumberOptions.TestRunner" time="1.173" errors="0" skipped="0">
  <properties>
    <property name="java.runtime.name" value="Java(TM) SE Runtime Environment"/>
    <property name="sun.boot.library.path" value="/Library/Java/JavaVirtualMachines/jdk1.8.0_221.jdk/Contents/Home/jre/lib"/>
    <property name="java.vm.version" value="25.221-b11"/>
    <property name="gopherProxySet" value="false"/>
    <property name="java.vm.vendor" value="Oracle Corporation"/>
    <property name="maven.multiModuleProjectDirectory" value="/Users/shivaniarora/eclipse-workspace/Hudl"/>
    <property name="java.vendor.url" value="http://java.oracle.com/"/>
    <property name="path.separator" value=":"/>
    <property name="guice.disable.misplaced.annotation.check" value="true"/>
    <property name="java.vm.name" value="Java HotSpot(TM) 64-Bit Server VM"/>
    <property name="file.encoding.pkg" value="sun.io"/>
    <property name="user.country" value="IN"/>
    <property name="sun.java.launcher" value="SUN_STANDARD"/>
    <property name="sun.os.patch.level" value="unknown"/>
    <property name="java.vm.specification.name" value="Java Virtual Machine Specification"/>
    <property name="user.dir" value="/Users/shivaniarora/eclipse-workspace/Hudl"/>
    <property name="java.runtime.version" value="1.8.0_221-b11"/>
    <property name="java.awt.graphicsenv" value="sun.awt.CGraphicsEnvironment"/>
    <property name="java.endorsed.dirs" value="/Library/Java/JavaVirtualMachines/jdk1.8.0_221.jdk/Contents/Home/jre/lib/endorsed"/>
    <property name="os.arch" value="x86_64"/>
    <property name="java.io.tmpdir" value="/var/folders/2g/d8xmwf256p14v1vtslcgk8l00000gp/T/"/>
    <property name="line.separator" value="
"/>
    <property name="java.vm.specification.vendor" value="Oracle Corporation"/>
    <property name="os.name" value="Mac OS X"/>
    <property name="classworlds.conf" value="/Maven/apache-maven-3.6.2/bin/m2.conf"/>
    <property name="sun.jnu.encoding" value="UTF-8"/>
    <property name="java.library.path" value="/Users/shivaniarora/Library/Java/Extensions:/Library/Java/Extensions:/Network/Library/Java/Extensions:/System/Library/Java/Extensions:/usr/lib/java:."/>
    <property name="maven.conf" value="/Maven/apache-maven-3.6.2/conf"/>
    <property name="java.specification.name" value="Java Platform API Specification"/>
    <property name="java.class.version" value="52.0"/>
    <property name="sun.management.compiler" value="HotSpot 64-Bit Tiered Compilers"/>
    <property name="os.version" value="10.12.6"/>
    <property name="library.jansi.path" value="/Maven/apache-maven-3.6.2/lib/jansi-native"/>
    <property name="http.nonProxyHosts" value="local|*.local|169.254/16|*.169.254/16"/>
    <property name="user.home" value="/Users/shivaniarora"/>
    <property name="user.timezone" value="Europe/London"/>
    <property name="java.awt.printerjob" value="sun.lwawt.macosx.CPrinterJob"/>
    <property name="java.specification.version" value="1.8"/>
    <property name="file.encoding" value="UTF-8"/>
    <property name="user.name" value="shivaniarora"/>
    <property name="java.class.path" value="/Maven/apache-maven-3.6.2/boot/plexus-classworlds-2.6.0.jar"/>
    <property name="java.vm.specification.version" value="1.8"/>
    <property name="sun.arch.data.model" value="64"/>
    <property name="java.home" value="/Library/Java/JavaVirtualMachines/jdk1.8.0_221.jdk/Contents/Home/jre"/>
    <property name="sun.java.command" value="org.codehaus.plexus.classworlds.launcher.Launcher test"/>
    <property name="java.specification.vendor" value="Oracle Corporation"/>
    <property name="user.language" value="en"/>
    <property name="awt.toolkit" value="sun.lwawt.macosx.LWCToolkit"/>
    <property name="java.vm.info" value="mixed mode"/>
    <property name="java.version" value="1.8.0_221"/>
    <property name="java.ext.dirs" value="/Users/shivaniarora/Library/Java/Extensions:/Library/Java/JavaVirtualMachines/jdk1.8.0_221.jdk/Contents/Home/jre/lib/ext:/Library/Java/Extensions:/Network/Library/Java/Extensions:/System/Library/Java/Extensions:/usr/lib/java"/>
    <property name="sun.boot.class.path" value="/Library/Java/JavaVirtualMachines/jdk1.8.0_221.jdk/Contents/Home/jre/lib/resources.jar:/Library/Java/JavaVirtualMachines/jdk1.8.0_221.jdk/Contents/Home/jre/lib/rt.jar:/Library/Java/JavaVirtualMachines/jdk1.8.0_221.jdk/Contents/Home/jre/lib/sunrsasign.jar:/Library/Java/JavaVirtualMachines/jdk1.8.0_221.jdk/Contents/Home/jre/lib/jsse.jar:/Library/Java/JavaVirtualMachines/jdk1.8.0_221.jdk/Contents/Home/jre/lib/jce.jar:/Library/Java/JavaVirtualMachines/jdk1.8.0_221.jdk/Contents/Home/jre/lib/charsets.jar:/Library/Java/JavaVirtualMachines/jdk1.8.0_221.jdk/Contents/Home/jre/lib/jfr.jar:/Library/Java/JavaVirtualMachines/jdk1.8.0_221.jdk/Contents/Home/jre/classes"/>
    <property name="java.vendor" value="Oracle Corporation"/>
    <property name="maven.home" value="/Maven/apache-maven-3.6.2"/>
    <property name="file.separator" value="/"/>
    <property name="java.vendor.url.bug" value="http://bugreport.sun.com/bugreport/"/>
    <property name="sun.cpu.endian" value="little"/>
    <property name="sun.io.unicode.encoding" value="UnicodeBig"/>
    <property name="socksNonProxyHosts" value="local|*.local|169.254/16|*.169.254/16"/>
    <property name="ftp.nonProxyHosts" value="local|*.local|169.254/16|*.169.254/16"/>
    <property name="sun.cpu.isalist" value=""/>
  </properties>
  <testcase classname="Scenario: Login with correct credentials" name="Given User is on Login page" time="0.009"/>
  <testcase classname="Scenario: Login with correct credentials" name="When User login into application with username shivani.arora.3@warwickgrad.net and password Hudl@1234" time="0"/>
  <testcase classname="Scenario: Login with correct credentials" name="Then User is redirected to Home Page" time="0"/>
  <testcase classname="Scenario: Login with correct credentials" name="And User Initial &quot;SA&quot; is populated" time="0.001"/>
  <testcase classname="Scenario: Login with correct credentials" name="Scenario: Login with correct credentials" time="0.211"/>
  <testcase classname="| shivani.arora.3@warwickgrad.net | pass1 |" name="Given User is on Login page" time="0"/>
  <testcase classname="| shivani.arora.3@warwickgrad.net | pass1 |" name="When User login into application with username shivani.arora.3@warwickgrad.net and password pass1" time="0"/>
  <testcase classname="| shivani.arora.3@warwickgrad.net | pass1 |" name="Then Error Message &quot;We didn&apos;t recognize that email and/or password. Need help?&quot; is displayed" time="0"/>
  <testcase classname="| shivani.arora.3@warwickgrad.net | pass1 |" name="And Log In button is disabled" time="0"/>
  <testcase classname="| shivani.arora.3@warwickgrad.net | pass1 |" name="| shivani.arora.3@warwickgrad.net | pass1 |" time="0.133"/>
  <testcase classname="| shivani.arora@gmail.com | Hudl@1234 |" name="Given User is on Login page" time="0"/>
  <testcase classname="| shivani.arora@gmail.com | Hudl@1234 |" name="When User login into application with username shivani.arora@gmail.com and password Hudl@1234" time="0"/>
  <testcase classname="| shivani.arora@gmail.com | Hudl@1234 |" name="Then Error Message &quot;We didn&apos;t recognize that email and/or password. Need help?&quot; is displayed" time="0"/>
  <testcase classname="| shivani.arora@gmail.com | Hudl@1234 |" name="And Log In button is disabled" time="0"/>
  <testcase classname="| shivani.arora@gmail.com | Hudl@1234 |" name="| shivani.arora@gmail.com | Hudl@1234 |" time="0.129"/>
  <testcase classname="| user3 | pass3 |" name="Given User is on Login page" time="0"/>
  <testcase classname="| user3 | pass3 |" name="When User login into application with username user3 and password pass3" time="0"/>
  <testcase classname="| user3 | pass3 |" name="Then Error Message &quot;We didn&apos;t recognize that email and/or password. Need help?&quot; is displayed" time="0"/>
  <testcase classname="| user3 | pass3 |" name="And Log In button is disabled" time="0"/>
  <testcase classname="| user3 | pass3 |" name="| user3 | pass3 |" time="0.143"/>
  <testcase classname="Scenario: Login and remember user credentials" name="Given User is on Login page" time="0"/>
  <testcase classname="Scenario: Login and remember user credentials" name="When User login into application with username shivani.arora.3@warwickgrad.net and password Hudl@1234" time="0"/>
  <testcase classname="Scenario: Login and remember user credentials" name="And checks remember me" time="0"/>
  <testcase classname="Scenario: Login and remember user credentials" name="And User logs Out of the application" time="0"/>
  <testcase classname="Scenario: Login and remember user credentials" name="And User logs in again" time="0"/>
  <testcase classname="Scenario: Login and remember user credentials" name="Then User Email &quot;shivani.arora.3@warwickgrad.net&quot; and Password &quot;Hudl@1234&quot; should be autopopulated" time="0.005">
    <failure message="expected:&lt;[Hudl@1234]&gt; but was:&lt;[]&gt;" type="org.junit.ComparisonFailure">org.junit.ComparisonFailure: expected:&lt;[Hudl@1234]&gt; but was:&lt;[]&gt;
	at org.junit.Assert.assertEquals(Assert.java:115)
	at org.junit.Assert.assertEquals(Assert.java:144)
	at stepDefination.StepDefination.user_email_something_and_password_something_should_be_autopopulated(StepDefination.java:107)
	at ✽.Then User Email &quot;shivani.arora.3@warwickgrad.net&quot; and Password &quot;Hudl@1234&quot; should be autopopulated(Login.feature:30)
</failure>
    <system-out>Email shivani.arora.3@warwickgrad.net
Password 
</system-out>
  </testcase>
  <testcase classname="Scenario: Login and remember user credentials" name="Scenario: Login and remember user credentials" time="0.005">
    <failure message="expected:&lt;[Hudl@1234]&gt; but was:&lt;[]&gt;" type="org.junit.ComparisonFailure">org.junit.ComparisonFailure: expected:&lt;[Hudl@1234]&gt; but was:&lt;[]&gt;
	at org.junit.Assert.assertEquals(Assert.java:115)
	at org.junit.Assert.assertEquals(Assert.java:144)
	at stepDefination.StepDefination.user_email_something_and_password_something_should_be_autopopulated(StepDefination.java:107)
	at ✽.Then User Email &quot;shivani.arora.3@warwickgrad.net&quot; and Password &quot;Hudl@1234&quot; should be autopopulated(Login.feature:30)
</failure>
  </testcase>
  <testcase classname="Scenario: Login and doesnot remember user credentials" name="Given User is on Login page" time="0"/>
  <testcase classname="Scenario: Login and doesnot remember user credentials" name="When User login into application with username shivani.arora.3@warwickgrad.net and password Hudl@1234" time="0"/>
  <testcase classname="Scenario: Login and doesnot remember user credentials" name="And User logs Out of the application" time="0"/>
  <testcase classname="Scenario: Login and doesnot remember user credentials" name="And User logs in again" time="0"/>
  <testcase classname="Scenario: Login and doesnot remember user credentials" name="Then User Email and Password should be blank" time="0">
    <failure message="expected:&lt;[]&gt; but was:&lt;[shivani.arora.3@warwickgrad.net]&gt;" type="org.junit.ComparisonFailure">org.junit.ComparisonFailure: expected:&lt;[]&gt; but was:&lt;[shivani.arora.3@warwickgrad.net]&gt;
	at org.junit.Assert.assertEquals(Assert.java:115)
	at org.junit.Assert.assertEquals(Assert.java:144)
	at stepDefination.StepDefination.user_email_and_password_should_be_blank(StepDefination.java:116)
	at ✽.Then User Email and Password should be blank(Login.feature:38)
</failure>
    <system-out>Email 
Password 
</system-out>
  </testcase>
  <testcase classname="Scenario: Login and doesnot remember user credentials" name="Scenario: Login and doesnot remember user credentials" time="0">
    <failure message="expected:&lt;[]&gt; but was:&lt;[shivani.arora.3@warwickgrad.net]&gt;" type="org.junit.ComparisonFailure">org.junit.ComparisonFailure: expected:&lt;[]&gt; but was:&lt;[shivani.arora.3@warwickgrad.net]&gt;
	at org.junit.Assert.assertEquals(Assert.java:115)
	at org.junit.Assert.assertEquals(Assert.java:144)
	at stepDefination.StepDefination.user_email_and_password_should_be_blank(StepDefination.java:116)
	at ✽.Then User Email and Password should be blank(Login.feature:38)
</failure>
  </testcase>
  <testcase classname="Scenario: Remember Me should be deselected by default" name="Given User is on Login page" time="0"/>
  <testcase classname="Scenario: Remember Me should be deselected by default" name="Then Remember Me should be deselected" time="0"/>
  <testcase classname="Scenario: Remember Me should be deselected by default" name="Scenario: Remember Me should be deselected by default" time="0.102"/>
  <testcase classname="Scenario: User email should be populated on Need Help text box" name="Given User is on Login page" time="0"/>
  <testcase classname="Scenario: User email should be populated on Need Help text box" name="When User enters username &quot;shivani.arora.3@warwickgrad.net&quot; and clicks Need Help" time="0"/>
  <testcase classname="Scenario: User email should be populated on Need Help text box" name="Then User is redirected to Reset password page" time="0"/>
  <testcase classname="Scenario: User email should be populated on Need Help text box" name="And User email &quot;shivani.arora.3@warwickgrad.net&quot; is pre poulated" time="0"/>
  <testcase classname="Scenario: User email should be populated on Need Help text box" name="Scenario: User email should be populated on Need Help text box" time="0.174"/>
  <testcase classname="Scenario: User resets password" name="Given User is on Login page" time="0"/>
  <testcase classname="Scenario: User resets password" name="When User enters username &quot;shivani.arora.3@warwickgrad.net&quot; and clicks Need Help" time="0"/>
  <testcase classname="Scenario: User resets password" name="And User Clicks Reset Password" time="0"/>
  <testcase classname="Scenario: User resets password" name="Then Reset Password Confirmation is displayed" time="0"/>
  <testcase classname="Scenario: User resets password" name="Scenario: User resets password" time="0.125"/>
  <testcase classname="Scenario: Login Button is enables when user starts entering password" name="Given User is on Login page" time="0"/>
  <testcase classname="Scenario: Login Button is enables when user starts entering password" name="When User login into application with username shivani.arora.3@warwickgrad.net and password Hudl@1234" time="0"/>
  <testcase classname="Scenario: Login Button is enables when user starts entering password" name="And Log In button is disabled" time="0"/>
  <testcase classname="Scenario: Login Button is enables when user starts entering password" name="And User enters password &quot;Hudl@1234&quot;" time="0"/>
  <testcase classname="Scenario: Login Button is enables when user starts entering password" name="Then Login button is Enabled" time="0"/>
  <testcase classname="Scenario: Login Button is enables when user starts entering password" name="Scenario: Login Button is enables when user starts entering password" time="0.136"/>
</testsuite>