<?xml version="1.0" encoding="UTF-8" standalone="no"?>
<testsuite failures="2" name="cucumber.runtime.formatter.JUnitFormatter" skipped="0" tests="10" time="86.055299">
<testcase classname="Application Login" name="Login with correct credentials" time="10.678971">
<system-out><![CDATA[Given User is on Login page.................................................passed
When User login into application with username shivani.arora.3@warwickgrad.net and password Hudl@1234.passed
Then User is redirected to Home Page........................................passed
And User Initial "SA" is populated..........................................passed
]]></system-out>
</testcase>
<testcase classname="Application Login" name="Login with incorrect credentials" time="6.670013">
<system-out><![CDATA[Given User is on Login page.................................................passed
When User login into application with username shivani.arora.3@warwickgrad.net and password pass1.passed
Then Error Message "We didn't recognize that email and/or password. Need help?" is displayed.passed
And Log In button is disabled...............................................passed
]]></system-out>
</testcase>
<testcase classname="Application Login" name="Login with incorrect credentials 2" time="7.558327">
<system-out><![CDATA[Given User is on Login page.................................................passed
When User login into application with username shivani.arora@gmail.com and password Hudl@1234.passed
Then Error Message "We didn't recognize that email and/or password. Need help?" is displayed.passed
And Log In button is disabled...............................................passed
]]></system-out>
</testcase>
<testcase classname="Application Login" name="Login with incorrect credentials 3" time="11.285402">
<system-out><![CDATA[Given User is on Login page.................................................passed
When User login into application with username user3 and password pass3.....passed
Then Error Message "We didn't recognize that email and/or password. Need help?" is displayed.passed
And Log In button is disabled...............................................passed
]]></system-out>
</testcase>
<testcase classname="Application Login" name="Login and remember user credentials" time="9.911204">
<failure message="org.junit.ComparisonFailure: expected:&lt;[Hudl@1234]&gt; but was:&lt;[]&gt;&#10;&#9;at org.junit.Assert.assertEquals(Assert.java:115)&#10;&#9;at org.junit.Assert.assertEquals(Assert.java:144)&#10;&#9;at stepDefination.StepDefination.user_email_something_and_password_something_should_be_autopopulated(StepDefination.java:107)&#10;&#9;at ✽.Then User Email &quot;shivani.arora.3@warwickgrad.net&quot; and Password &quot;Hudl@1234&quot; should be autopopulated(Login.feature:30)&#10;"><![CDATA[Given User is on Login page.................................................passed
When User login into application with username shivani.arora.3@warwickgrad.net and password Hudl@1234.passed
And checks remember me......................................................passed
And User logs Out of the application........................................passed
And User logs in again......................................................passed
Then User Email "shivani.arora.3@warwickgrad.net" and Password "Hudl@1234" should be autopopulated.failed

StackTrace:
org.junit.ComparisonFailure: expected:<[Hudl@1234]> but was:<[]>
	at org.junit.Assert.assertEquals(Assert.java:115)
	at org.junit.Assert.assertEquals(Assert.java:144)
	at stepDefination.StepDefination.user_email_something_and_password_something_should_be_autopopulated(StepDefination.java:107)
	at ✽.Then User Email "shivani.arora.3@warwickgrad.net" and Password "Hudl@1234" should be autopopulated(Login.feature:30)
]]></failure>
</testcase>
<testcase classname="Application Login" name="Login and doesnot remember user credentials" time="9.924328">
<failure message="org.junit.ComparisonFailure: expected:&lt;[]&gt; but was:&lt;[shivani.arora.3@warwickgrad.net]&gt;&#10;&#9;at org.junit.Assert.assertEquals(Assert.java:115)&#10;&#9;at org.junit.Assert.assertEquals(Assert.java:144)&#10;&#9;at stepDefination.StepDefination.user_email_and_password_should_be_blank(StepDefination.java:116)&#10;&#9;at ✽.Then User Email and Password should be blank(Login.feature:38)&#10;"><![CDATA[Given User is on Login page.................................................passed
When User login into application with username shivani.arora.3@warwickgrad.net and password Hudl@1234.passed
And User logs Out of the application........................................passed
And User logs in again......................................................passed
Then User Email and Password should be blank................................failed

StackTrace:
org.junit.ComparisonFailure: expected:<[]> but was:<[shivani.arora.3@warwickgrad.net]>
	at org.junit.Assert.assertEquals(Assert.java:115)
	at org.junit.Assert.assertEquals(Assert.java:144)
	at stepDefination.StepDefination.user_email_and_password_should_be_blank(StepDefination.java:116)
	at ✽.Then User Email and Password should be blank(Login.feature:38)
]]></failure>
</testcase>
<testcase classname="Application Login" name="Remember Me should be deselected by default" time="5.463828">
<system-out><![CDATA[Given User is on Login page.................................................passed
Then Remember Me should be deselected.......................................passed
]]></system-out>
</testcase>
<testcase classname="Application Login" name="User email should be populated on Need Help text box" time="7.316084">
<system-out><![CDATA[Given User is on Login page.................................................passed
When User enters username "shivani.arora.3@warwickgrad.net" and clicks Need Help.passed
Then User is redirected to Reset password page..............................passed
And User email "shivani.arora.3@warwickgrad.net" is pre poulated............passed
]]></system-out>
</testcase>
<testcase classname="Application Login" name="User resets password" time="11.183036">
<system-out><![CDATA[Given User is on Login page.................................................passed
When User enters username "shivani.arora.3@warwickgrad.net" and clicks Need Help.passed
And User Clicks Reset Password..............................................passed
Then Reset Password Confirmation is displayed...............................passed
]]></system-out>
</testcase>
<testcase classname="Application Login" name="Login Button is enables when user starts entering password" time="6.064106">
<system-out><![CDATA[Given User is on Login page.................................................passed
When User login into application with username shivani.arora.3@warwickgrad.net and password Hudl@1234.passed
And Log In button is disabled...............................................passed
And User enters password "Hudl@1234"........................................passed
Then Login button is Enabled................................................passed
]]></system-out>
</testcase>
</testsuite>
